----------------------------------------
Begin PBS Prologue Wed Oct  8 19:03:40 PDT 2014
Job ID:            9778724.hpc-pbs.hpcc.usc.edu
Username:          chaure
Group:             csci-ar
Name:              mod_assignment3
Queue:             quick
Shared Access:     no
All Cores:         no
Nodes:             hpc2583 hpc2586 hpc2595 hpc2596 
PVFS:              /scratch (839G), /staging (328T)
TMPDIR:            /tmp/9778724.hpc-pbs.hpcc.usc.edu
End PBS Prologue Wed Oct  8 19:03:58 PDT 2014
----------------------------------------
al = 5.129928e+00 5.129928e+00 5.129928e+00
lc = 2 2 2
rc = 2.564964e+00 2.564964e+00 2.564964e+00
nglob = 1728
CPU & COMT = 4.995250e+00 2.715542e+00
----------------------------------------
Begin PBS Epilogue Wed Oct  8 19:04:05 PDT 2014
Job ID:           9778724.hpc-pbs.hpcc.usc.edu
Username:         chaure
Group:            csci-ar
Job Name:         mod_assignment3
Session:          12145
Limits:           neednodes=4:ppn=4,nodes=4:ppn=4,walltime=00:00:59
Resources:        cput=00:00:00,mem=2692kb,vmem=144060kb,walltime=00:00:06
Queue:            quick
Shared Access:    no
Account:          lc_an2
End PBS Epilogue Wed Oct  8 19:04:11 PDT 2014
----------------------------------------
