----------------------------------------
Begin PBS Prologue Tue Oct  7 18:06:54 PDT 2014
Job ID:            9773101.hpc-pbs.hpcc.usc.edu
Username:          chaure
Group:             csci-ar
Name:              mod_assignment3
Queue:             quick
Shared Access:     no
All Cores:         no
Nodes:             hpc1119 hpc1120 hpc2591 hpc2592 
PVFS:              /scratch (839G), /staging (328T)
TMPDIR:            /tmp/9773101.hpc-pbs.hpcc.usc.edu
End PBS Prologue Tue Oct  7 18:07:10 PDT 2014
----------------------------------------
al = 5.129928e+00 5.129928e+00 5.129928e+00
lc = 2 2 2
rc = 2.564964e+00 2.564964e+00 2.564964e+00
nglob = 1728
CPU & COMT = 5.467411e+00 3.206267e+00
----------------------------------------
Begin PBS Epilogue Tue Oct  7 18:07:17 PDT 2014
Job ID:           9773101.hpc-pbs.hpcc.usc.edu
Username:         chaure
Group:            csci-ar
Job Name:         mod_assignment3
Session:          3752
Limits:           neednodes=4:ppn=4,nodes=4:ppn=4,walltime=00:04:59
Resources:        cput=00:00:00,mem=79828kb,vmem=1256184kb,walltime=00:00:07
Queue:            quick
Shared Access:    no
Account:          lc_an2
End PBS Epilogue Tue Oct  7 18:07:23 PDT 2014
----------------------------------------
